[14:52:35] [main/INFO]: Environment: authHost='https://authserver.mojang.com', accountsHost='https://api.mojang.com', sessionHost='https://sessionserver.mojang.com', name='PROD'
[14:52:36] [main/WARN]: Ambiguity between arguments [teleport, destination] and [teleport, targets] with inputs: [Player, 0123, @e, dd12be42-52a9-4a91-a8a1-11c01849e498]
[14:52:36] [main/WARN]: Ambiguity between arguments [teleport, location] and [teleport, destination] with inputs: [0.1 -0.5 .9, 0 0 0]
[14:52:36] [main/WARN]: Ambiguity between arguments [teleport, location] and [teleport, targets] with inputs: [0.1 -0.5 .9, 0 0 0]
[14:52:36] [main/WARN]: Ambiguity between arguments [teleport, targets] and [teleport, destination] with inputs: [Player, 0123, dd12be42-52a9-4a91-a8a1-11c01849e498]
[14:52:36] [main/WARN]: Ambiguity between arguments [teleport, targets, location] and [teleport, targets, destination] with inputs: [0.1 -0.5 .9, 0 0 0]
[14:52:36] [main/INFO]: Reloading ResourceManager: Default
[14:52:38] [Worker-Main-2/INFO]: Loaded 7 recipes
[14:52:39] [Worker-Main-2/INFO]: Loaded 927 advancements
[14:52:41] [Server thread/INFO]: Starting minecraft server version 1.16.1
[14:52:41] [Server thread/INFO]: Loading properties
[14:52:41] [Server thread/INFO]: Default game type: SURVIVAL
[14:52:41] [Server thread/INFO]: Generating keypair
[14:52:42] [Server thread/INFO]: Starting Minecraft server on *:25565
[14:52:42] [Server thread/INFO]: Using epoll channel type
[14:52:42] [Server thread/WARN]: **** SERVER IS RUNNING IN OFFLINE/INSECURE MODE!
[14:52:42] [Server thread/WARN]: The server will make no attempt to authenticate usernames. Beware.
[14:52:42] [Server thread/WARN]: While this makes the game possible to play without internet access, it also opens up the ability for hackers to connect with any username they choose.
[14:52:42] [Server thread/WARN]: To change this, set "online-mode" to "true" in the server.properties file.
[14:52:42] [Server thread/INFO]: Preparing level "world"
[14:52:43] [Server thread/INFO]: Preparing start region for dimension minecraft:overworld
[14:52:46] [Server thread/INFO]: Preparing spawn area: 0%
[14:52:46] [Server thread/INFO]: Preparing spawn area: 0%
[14:52:46] [Server thread/INFO]: Preparing spawn area: 0%
[14:52:46] [Server thread/INFO]: Preparing spawn area: 0%
[14:52:46] [Server thread/INFO]: Preparing spawn area: 0%
[14:52:46] [Server thread/INFO]: Preparing spawn area: 0%
[14:52:46] [Server thread/INFO]: Preparing spawn area: 0%
[14:52:52] [Worker-Main-2/INFO]: Preparing spawn area: 55%
[14:52:52] [Worker-Main-2/INFO]: Preparing spawn area: 55%
[14:52:52] [Server thread/INFO]: Preparing spawn area: 55%
[14:52:52] [Server thread/INFO]: Preparing spawn area: 55%
[14:52:52] [Server thread/INFO]: Preparing spawn area: 55%
[14:52:52] [Server thread/INFO]: Preparing spawn area: 55%
[14:52:52] [Server thread/INFO]: Preparing spawn area: 55%
[14:52:52] [Server thread/INFO]: Preparing spawn area: 55%
[14:52:52] [Server thread/INFO]: Preparing spawn area: 55%
[14:52:52] [Server thread/INFO]: Preparing spawn area: 55%
[14:52:52] [Server thread/INFO]: Preparing spawn area: 55%
[14:52:52] [Server thread/INFO]: Preparing spawn area: 55%
[14:52:52] [Worker-Main-2/INFO]: Preparing spawn area: 73%
[14:52:53] [Server thread/INFO]: Preparing spawn area: 77%
[14:52:53] [Worker-Main-2/INFO]: Preparing spawn area: 80%
[14:52:54] [Worker-Main-2/INFO]: Preparing spawn area: 81%
[14:52:54] [Worker-Main-2/INFO]: Preparing spawn area: 81%
[14:52:55] [Worker-Main-2/INFO]: Preparing spawn area: 83%
[14:52:55] [Worker-Main-2/INFO]: Preparing spawn area: 83%
[14:52:56] [Worker-Main-2/INFO]: Preparing spawn area: 83%
[14:52:56] [Worker-Main-2/INFO]: Preparing spawn area: 83%
[14:52:57] [Worker-Main-2/INFO]: Preparing spawn area: 83%
[14:52:57] [Worker-Main-2/INFO]: Preparing spawn area: 83%
[14:52:58] [Server thread/INFO]: Preparing spawn area: 83%
[14:52:58] [Server thread/INFO]: Preparing spawn area: 84%
[14:52:59] [Worker-Main-2/INFO]: Preparing spawn area: 85%
[14:52:59] [Worker-Main-2/INFO]: Preparing spawn area: 86%
[14:53:00] [Worker-Main-2/INFO]: Preparing spawn area: 86%
[14:53:00] [Server thread/INFO]: Preparing spawn area: 86%
[14:53:01] [Worker-Main-2/INFO]: Preparing spawn area: 88%
[14:53:01] [Worker-Main-2/INFO]: Preparing spawn area: 90%
[14:53:02] [Worker-Main-2/INFO]: Preparing spawn area: 91%
[14:53:02] [Worker-Main-2/INFO]: Preparing spawn area: 91%
[14:53:03] [Server thread/INFO]: Preparing spawn area: 92%
[14:53:03] [Server thread/INFO]: Preparing spawn area: 97%
[14:53:04] [Server thread/INFO]: Time elapsed: 20806 ms
[14:53:04] [Server thread/INFO]: Done (21.335s)! For help, type "help"
[14:56:09] [Server thread/INFO]: Cheto[/127.0.0.1:52190] logged in with entity id 131 at (201.5, 64.0, -263.5)
[14:56:10] [Server thread/INFO]: Cheto joined the game
[14:56:13] [Server thread/WARN]: Can't keep up! Is the server overloaded? Running 6436ms or 128 ticks behind
[14:56:31] [Server thread/INFO]: Cheto lost connection: Timed out
[14:56:31] [Server thread/INFO]: Cheto left the game
[14:56:33] [Server thread/WARN]: handleDisconnection() called twice
[14:57:01] [Server thread/WARN]: Can't keep up! Is the server overloaded? Running 32555ms or 651 ticks behind
[14:58:54] [Server thread/WARN]: Can't keep up! Is the server overloaded? Running 11377ms or 227 ticks behind
[14:59:15] [Server thread/INFO]: Cheeto[/127.0.0.1:52864] logged in with entity id 153 at (196.5, 64.0, -265.5)
[14:59:15] [Server thread/INFO]: Cheeto joined the game
[14:59:17] [Server thread/WARN]: Can't keep up! Is the server overloaded? Running 2349ms or 46 ticks behind
[14:59:31] [Server thread/INFO]: Cheeto lost connection: Timed out
[14:59:31] [Server thread/INFO]: Cheeto left the game
[14:59:33] [Server thread/WARN]: handleDisconnection() called twice
[15:00:07] [Server thread/WARN]: Can't keep up! Is the server overloaded? Running 35268ms or 705 ticks behind
[15:01:06] [Server thread/INFO]: cheeto[/127.0.0.1:53260] logged in with entity id 173 at (193.5, 64.0, -250.5)
[15:01:06] [Server thread/INFO]: cheeto joined the game
[15:01:09] [Server thread/WARN]: Can't keep up! Is the server overloaded? Running 2579ms or 51 ticks behind
[15:01:22] [Server thread/INFO]: cheeto lost connection: Timed out
[15:01:22] [Server thread/INFO]: cheeto left the game
[15:01:54] [Server thread/WARN]: Can't keep up! Is the server overloaded? Running 30309ms or 606 ticks behind
[15:01:58] [Server thread/INFO]: cheeto[/127.0.0.1:53470] logged in with entity id 202 at (193.5, 64.0, -250.5)
[15:01:58] [Server thread/INFO]: cheeto joined the game
[15:02:14] [Server thread/INFO]: cheeto lost connection: Timed out
[15:02:14] [Server thread/INFO]: cheeto left the game
[15:02:36] [Server thread/WARN]: Can't keep up! Is the server overloaded? Running 27487ms or 549 ticks behind
[15:02:51] [Server thread/INFO]: cheeto[/127.0.0.1:53676] logged in with entity id 213 at (193.5, 64.0, -250.5)
[15:02:51] [Server thread/INFO]: cheeto joined the game
[15:02:56] [Server thread/WARN]: Can't keep up! Is the server overloaded? Running 4319ms or 86 ticks behind
[15:03:06] [Server thread/INFO]: cheeto lost connection: Timed out
[15:03:06] [Server thread/INFO]: cheeto left the game
[15:03:08] [Server thread/WARN]: handleDisconnection() called twice
[15:03:25] [Server thread/WARN]: Can't keep up! Is the server overloaded? Running 14019ms or 280 ticks behind
[15:04:36] [Server thread/INFO]: cheeto[/127.0.0.1:54054] logged in with entity id 226 at (193.5, 64.0, -250.5)
[15:04:36] [Server thread/INFO]: cheeto joined the game
[15:04:38] [Server thread/WARN]: Can't keep up! Is the server overloaded? Running 2147ms or 42 ticks behind
[15:04:51] [Server thread/INFO]: cheeto lost connection: Timed out
[15:04:51] [Server thread/INFO]: cheeto left the game
[15:04:52] [Server thread/WARN]: handleDisconnection() called twice
[15:05:06] [Server thread/WARN]: Can't keep up! Is the server overloaded? Running 13285ms or 265 ticks behind
[15:05:21] [Server thread/INFO]: cheeto[/127.0.0.1:54220] logged in with entity id 243 at (193.5, 64.0, -250.5)
[15:05:21] [Server thread/INFO]: cheeto joined the game
[15:05:24] [Server thread/WARN]: Can't keep up! Is the server overloaded? Running 2305ms or 46 ticks behind
[15:05:37] [Server thread/INFO]: cheeto lost connection: Timed out
[15:05:37] [Server thread/INFO]: cheeto left the game
[15:05:46] [Server thread/WARN]: Can't keep up! Is the server overloaded? Running 7460ms or 149 ticks behind
[15:06:48] [Server thread/INFO]: cheeto[/127.0.0.1:54566] logged in with entity id 251 at (193.5, 64.0, -250.5)
[15:06:48] [Server thread/INFO]: cheeto joined the game
[15:06:50] [Server thread/INFO]: Reloading!
[15:06:50] [Server thread/WARN]: Ambiguity between arguments [teleport, destination] and [teleport, targets] with inputs: [Player, 0123, @e, dd12be42-52a9-4a91-a8a1-11c01849e498]
[15:06:50] [Server thread/WARN]: Ambiguity between arguments [teleport, location] and [teleport, destination] with inputs: [0.1 -0.5 .9, 0 0 0]
[15:06:50] [Server thread/WARN]: Ambiguity between arguments [teleport, location] and [teleport, targets] with inputs: [0.1 -0.5 .9, 0 0 0]
[15:06:50] [Server thread/WARN]: Ambiguity between arguments [teleport, targets] and [teleport, destination] with inputs: [Player, 0123, dd12be42-52a9-4a91-a8a1-11c01849e498]
[15:06:50] [Server thread/WARN]: Ambiguity between arguments [teleport, targets, location] and [teleport, targets, destination] with inputs: [0.1 -0.5 .9, 0 0 0]
[15:06:50] [Server thread/INFO]: Reloading ResourceManager: Default
[15:06:51] [Server thread/INFO]: Loaded 7 recipes
[15:06:51] [Server thread/INFO]: Loaded 927 advancements
[15:06:52] [Server thread/WARN]: Can't keep up! Is the server overloaded? Running 2093ms or 41 ticks behind
[15:07:04] [Server thread/INFO]: cheeto lost connection: Timed out
[15:07:04] [Server thread/INFO]: cheeto left the game
[15:07:04] [Server thread/WARN]: handleDisconnection() called twice
[15:07:50] [Server thread/INFO]: cheeto[/127.0.0.1:54826] logged in with entity id 293 at (193.5, 64.0, -250.5)
[15:07:50] [Server thread/INFO]: cheeto joined the game
[15:09:05] [Server thread/INFO]: cheeto was shot by Skeleton
[15:09:19] [Server thread/INFO]: cheeto was slain by Zombie
[15:09:51] [Server thread/INFO]: cheeto was shot by Skeleton
[15:10:46] [Server thread/INFO]: cheeto lost connection: Disconnected
[15:10:46] [Server thread/INFO]: cheeto left the game
[15:11:28] [Server thread/INFO]: cheeto[/127.0.0.1:55748] logged in with entity id 652 at (198.5, 64.0, -253.5)
[15:11:28] [Server thread/INFO]: cheeto joined the game
[15:11:44] [Server thread/INFO]: cheeto lost connection: Timed out
[15:11:44] [Server thread/INFO]: cheeto left the game
[15:13:36] [Server thread/INFO]: cheeto[/127.0.0.1:56302] logged in with entity id 676 at (198.5, 62.40739548364287, -253.5)
[15:13:36] [Server thread/INFO]: cheeto joined the game
[15:13:48] [Server thread/INFO]: cheeto was slain by Zombie
[15:14:42] [Server thread/INFO]: Incorrect argument for command
[15:14:42] [Server thread/INFO]: ...as cheeto tp ~ ~10 ~<--[HERE]
[15:15:09] [Server thread/INFO]: Teleported cheeto to 192.0, 73.0, -256.0
[15:15:09] [Server thread/WARN]: cheeto moved too quickly! -0.5,9.0,-10.5
[15:15:33] [Server thread/INFO]: Teleported cheeto to 192.0, 73.0, -256.0
[15:15:54] [Server thread/INFO]: Expected value for option 'name'
[15:15:54] [Server thread/INFO]: kill @e[name!=cheeto]<--[HERE]
[15:16:09] [Server thread/INFO]: Expected end of options
[15:16:09] [Server thread/INFO]: ...me=!cheeto<--[HERE]
[15:16:19] [Server thread/INFO]: Killed 169 entities
[15:16:34] [Server thread/INFO]: cheeto lost connection: Disconnected
[15:16:34] [Server thread/INFO]: cheeto left the game
[15:17:19] [Server thread/INFO]: cheeto[/127.0.0.1:57260] logged in with entity id 1245 at (192.0, 70.0, -256.0)
[15:17:19] [Server thread/INFO]: cheeto joined the game
[15:17:32] [Server thread/INFO]: cheeto lost connection: Disconnected
[15:17:32] [Server thread/INFO]: cheeto left the game
[15:18:28] [Server thread/INFO]: cheeto[/127.0.0.1:57552] logged in with entity id 1282 at (192.0, 70.0, -256.0)
[15:18:28] [Server thread/INFO]: cheeto joined the game
[15:18:31] [Server thread/INFO]: cheeto lost connection: Disconnected
[15:18:31] [Server thread/INFO]: cheeto left the game
